"C:\Program Files\nodejs\npm.cmd" --silent run test
Debugger attached.
Debugger attached.
✓ Copied tree-sitter.wasm to out/out directory
✓ Copied tree-sitter-python.wasm to out/out directory
Waiting for the debugger to disconnect...
Debugger attached.
Waiting for the debugger to disconnect...
Debugger attached.
Debugger attached.
Using VS Code from env: C:\Users\tzeng\AppData\Local\Programs\Microsoft VS Code\Code.exe


[FAIL] 04. Multiline template tests not template - whitespaces - first expression
Expected values to be strictly equal:
+ actual - expected

+ 'if ( \\\r\n    a and (not b or not a \\\r\n    .a \\\r\n    .b)\r\n): \\\r\npass'
- 'if ( \\\r\n    a and (not b or \\\r\n    not a \\\r\n    .a \\\r\n    .b) \\\r\n): \\\r\npass'

AssertionError [ERR_ASSERTION]: Expected values to be strictly equal:
+ actual - expected

+ 'if ( \\\r\n    a and (not b or not a \\\r\n    .a \\\r\n    .b)\r\n): \\\r\npass'
- 'if ( \\\r\n    a and (not b or \\\r\n    not a \\\r\n    .a \\\r\n    .b) \\\r\n): \\\r\npass'

	at assertText (d:\workspace@computer\Developing\vscode-postfix-templates\vscode-postfix-templates-python\out\test\utils\test-helpers.js:120:12)
	at d:\workspace@computer\Developing\vscode-postfix-templates\vscode-postfix-templates-python\out\test\utils\test-helpers.js:43:17

[FAIL] 04. Multiline template tests not template - whitespaces - second expression
Expected values to be strictly equal:
+ actual - expected

+ 'if ( \\\r\n    not a or (not b or not a \\\r\n    .a \\\r\n    .b)\r\n): \\\r\npass'
- 'if ( \\\r\n' +
-   '    not a or (not b or \\\r\n' +
-   '    not a \\\r\n' +
-   '    .a \\\r\n' +
-   '    .b) \\\r\n' +
-   '): \\\r\n' +
-   'pass'

AssertionError [ERR_ASSERTION]: Expected values to be strictly equal:
+ actual - expected

+ 'if ( \\\r\n    not a or (not b or not a \\\r\n    .a \\\r\n    .b)\r\n): \\\r\npass'
- 'if ( \\\r\n' +
-   '    not a or (not b or \\\r\n' +
-   '    not a \\\r\n' +
-   '    .a \\\r\n' +
-   '    .b) \\\r\n' +
-   '): \\\r\n' +
-   'pass'

	at assertText (d:\workspace@computer\Developing\vscode-postfix-templates\vscode-postfix-templates-python\out\test\utils\test-helpers.js:120:12)
	at d:\workspace@computer\Developing\vscode-postfix-templates\vscode-postfix-templates-python\out\test\utils\test-helpers.js:43:17
  214 passing (2m)
  2 failing
  1) 04. Multiline template tests
       not template - whitespaces - first expression:

      AssertionError [ERR_ASSERTION]: Expected values to be strictly equal:
+ actual - expected

+ 'if ( \\\r\n    a and (not b or not a \\\r\n    .a \\\r\n    .b)\r\n): \\\r\npass'
- 'if ( \\\r\n    a and (not b or \\\r\n    not a \\\r\n    .a \\\r\n    .b) \\\r\n): \\\r\npass'

      + expected - actual

       if ( \
      -    a and (not b or not a \

      +    a and (not b or \

      +    not a \

           .a \
      -    .b)

      +    .b) \

       ): \
       pass

  	at assertText (d:\workspace@computer\Developing\vscode-postfix-templates\vscode-postfix-templates-python\out\test\utils\test-helpers.js:120:12)
  	at d:\workspace@computer\Developing\vscode-postfix-templates\vscode-postfix-templates-python\out\test\utils\test-helpers.js:43:17

  2) 04. Multiline template tests
       not template - whitespaces - second expression:

      AssertionError [ERR_ASSERTION]: Expected values to be strictly equal:
+ actual - expected

+ 'if ( \\\r\n    not a or (not b or not a \\\r\n    .a \\\r\n    .b)\r\n): \\\r\npass'
- 'if ( \\\r\n' +
-   '    not a or (not b or \\\r\n' +
-   '    not a \\\r\n' +
-   '    .a \\\r\n' +
-   '    .b) \\\r\n' +
-   '): \\\r\n' +
-   'pass'

      + expected - actual

       if ( \
      -    not a or (not b or not a \

      +    not a or (not b or \

      +    not a \

           .a \
      -    .b)

      +    .b) \

       ): \
       pass

  	at assertText (d:\workspace@computer\Developing\vscode-postfix-templates\vscode-postfix-templates-python\out\test\utils\test-helpers.js:120:12)
  	at d:\workspace@computer\Developing\vscode-postfix-templates\vscode-postfix-templates-python\out\test\utils\test-helpers.js:43:17

Error: 2 tests failed.
	at d:\workspace@computer\Developing\vscode-postfix-templates\vscode-postfix-templates-python\out\test\index.js:48:27
	at done (d:\workspace@computer\Developing\vscode-postfix-templates\vscode-postfix-templates-python\node_modules\mocha\lib\mocha.js:1028:7)
Failed to run tests: Failed
Waiting for the debugger to disconnect...
Waiting for the debugger to disconnect...
Waiting for the debugger to disconnect...
